# JRE version: OpenJDK Runtime Environment (11.0.11+9) (build 11.0.11+9-b60-7590822)
# Java VM: OpenJDK 64-Bit Server VM (11.0.11+9-b60-7590822, mixed mode, tiered, compressed oops, g1 gc, windows-amd64)
Heap:
 garbage-first heap   total 674816K, used 201207K [0x0000000080000000, 0x0000000100000000)
  region size 1024K, 21 young (21504K), 21 survivors (21504K)
 Metaspace       used 112389K, capacity 115342K, committed 115568K, reserved 1148928K
  class space    used 14258K, capacity 15430K, committed 15436K, reserved 1048576K
GC Heap History (20 events):
Event: 27.539 GC heap after
{Heap after GC invocations=48 (full 0):
 garbage-first heap   total 199680K, used 125806K [0x0000000080000000, 0x0000000100000000)
  region size 1024K, 2 young (2048K), 2 survivors (2048K)
 Metaspace       used 102999K, capacity 105327K, committed 105584K, reserved 1140736K
  class space    used 12931K, capacity 13824K, committed 13900K, reserved 1048576K
}
Event: 27.683 GC heap before
{Heap before GC invocations=48 (full 0):
 garbage-first heap   total 199680K, used 159598K [0x0000000080000000, 0x0000000100000000)
  region size 1024K, 33 young (33792K), 2 survivors (2048K)
 Metaspace       used 103897K, capacity 106236K, committed 106480K, reserved 1142784K
  class space    used 13061K, capacity 13957K, committed 14028K, reserved 1048576K
}
Event: 27.695 GC heap after
{Heap after GC invocations=49 (full 0):
 garbage-first heap   total 199680K, used 132249K [0x0000000080000000, 0x0000000100000000)
  region size 1024K, 5 young (5120K), 5 survivors (5120K)
 Metaspace       used 103897K, capacity 106236K, committed 106480K, reserved 1142784K
  class space    used 13061K, capacity 13957K, committed 14028K, reserved 1048576K
}
Event: 27.802 GC heap before
{Heap before GC invocations=49 (full 0):
 garbage-first heap   total 199680K, used 160921K [0x0000000080000000, 0x0000000100000000)
  region size 1024K, 33 young (33792K), 5 survivors (5120K)
 Metaspace       used 104775K, capacity 107305K, committed 107504K, reserved 1142784K
  class space    used 13205K, capacity 14195K, committed 14284K, reserved 1048576K
}
Event: 27.817 GC heap after
{Heap after GC invocations=50 (full 0):
 garbage-first heap   total 269312K, used 137901K [0x0000000080000000, 0x0000000100000000)
  region size 1024K, 5 young (5120K), 5 survivors (5120K)
 Metaspace       used 104775K, capacity 107305K, committed 107504K, reserved 1142784K
  class space    used 13205K, capacity 14195K, committed 14284K, reserved 1048576K
}
Event: 28.015 GC heap before
{Heap before GC invocations=50 (full 0):
 garbage-first heap   total 269312K, used 188077K [0x0000000080000000, 0x0000000100000000)
  region size 1024K, 55 young (56320K), 5 survivors (5120K)
 Metaspace       used 105729K, capacity 108297K, committed 108400K, reserved 1142784K
  class space    used 13377K, capacity 14384K, committed 14412K, reserved 1048576K
}
Event: 28.030 GC heap after
{Heap after GC invocations=51 (full 0):
 garbage-first heap   total 269312K, used 146432K [0x0000000080000000, 0x0000000100000000)
  region size 1024K, 7 young (7168K), 7 survivors (7168K)
 Metaspace       used 105729K, capacity 108297K, committed 108400K, reserved 1142784K
  class space    used 13377K, capacity 14384K, committed 14412K, reserved 1048576K
}
Event: 28.267 GC heap before
{Heap before GC invocations=51 (full 0):
 garbage-first heap   total 269312K, used 195584K [0x0000000080000000, 0x0000000100000000)
  region size 1024K, 56 young (57344K), 7 survivors (7168K)
 Metaspace       used 106592K, capacity 109227K, committed 109424K, reserved 1144832K
  class space    used 13525K, capacity 14547K, committed 14668K, reserved 1048576K
}
Event: 28.284 GC heap after
{Heap after GC invocations=52 (full 0):
 garbage-first heap   total 269312K, used 155472K [0x0000000080000000, 0x0000000100000000)
  region size 1024K, 7 young (7168K), 7 survivors (7168K)
 Metaspace       used 106592K, capacity 109227K, committed 109424K, reserved 1144832K
  class space    used 13525K, capacity 14547K, committed 14668K, reserved 1048576K
}
Event: 28.560 GC heap before
{Heap before GC invocations=52 (full 0):
 garbage-first heap   total 269312K, used 204624K [0x0000000080000000, 0x0000000100000000)
  region size 1024K, 55 young (56320K), 7 survivors (7168K)
 Metaspace       used 108398K, capacity 111101K, committed 111216K, reserved 1146880K
  class space    used 13821K, capacity 14890K, committed 14924K, reserved 1048576K
}
Event: 28.576 GC heap after
{Heap after GC invocations=53 (full 0):
 garbage-first heap   total 269312K, used 163392K [0x0000000080000000, 0x0000000100000000)
  region size 1024K, 7 young (7168K), 7 survivors (7168K)
 Metaspace       used 108398K, capacity 111101K, committed 111216K, reserved 1146880K
  class space    used 13821K, capacity 14890K, committed 14924K, reserved 1048576K
}
Event: 28.802 GC heap before
{Heap before GC invocations=53 (full 0):
 garbage-first heap   total 269312K, used 209472K [0x0000000080000000, 0x0000000100000000)
  region size 1024K, 53 young (54272K), 7 survivors (7168K)
 Metaspace       used 109057K, capacity 111793K, committed 112112K, reserved 1146880K
  class space    used 13910K, capacity 14966K, committed 15052K, reserved 1048576K
}
Event: 28.823 GC heap after
{Heap after GC invocations=54 (full 0):
 garbage-first heap   total 491520K, used 168315K [0x0000000080000000, 0x0000000100000000)
  region size 1024K, 5 young (5120K), 5 survivors (5120K)
 Metaspace       used 109057K, capacity 111793K, committed 112112K, reserved 1146880K
  class space    used 13910K, capacity 14966K, committed 15052K, reserved 1048576K
}
Event: 29.581 GC heap before
{Heap before GC invocations=54 (full 0):
 garbage-first heap   total 491520K, used 280955K [0x0000000080000000, 0x0000000100000000)
  region size 1024K, 115 young (117760K), 5 survivors (5120K)
 Metaspace       used 110070K, capacity 112849K, committed 113008K, reserved 1146880K
  class space    used 14001K, capacity 15099K, committed 15180K, reserved 1048576K
}
Event: 29.596 GC heap after
{Heap after GC invocations=55 (full 0):
 garbage-first heap   total 491520K, used 172578K [0x0000000080000000, 0x0000000100000000)
  region size 1024K, 9 young (9216K), 9 survivors (9216K)
 Metaspace       used 110070K, capacity 112849K, committed 113008K, reserved 1146880K
  class space    used 14001K, capacity 15099K, committed 15180K, reserved 1048576K
}
Event: 30.318 GC heap before
{Heap before GC invocations=55 (full 0):
 garbage-first heap   total 491520K, used 323106K [0x0000000080000000, 0x0000000100000000)
  region size 1024K, 157 young (160768K), 9 survivors (9216K)
 Metaspace       used 111679K, capacity 114597K, committed 114800K, reserved 1148928K
  class space    used 14210K, capacity 15360K, committed 15436K, reserved 1048576K
}
Event: 30.339 GC heap after
{Heap after GC invocations=56 (full 0):
 garbage-first heap   total 491520K, used 179276K [0x0000000080000000, 0x0000000100000000)
  region size 1024K, 16 young (16384K), 16 survivors (16384K)
 Metaspace       used 111679K, capacity 114597K, committed 114800K, reserved 1148928K
  class space    used 14210K, capacity 15360K, committed 15436K, reserved 1048576K
}
Event: 30.932 GC heap before
{Heap before GC invocations=56 (full 0):
 garbage-first heap   total 491520K, used 345164K [0x0000000080000000, 0x0000000100000000)
  region size 1024K, 179 young (183296K), 16 survivors (16384K)
 Metaspace       used 112144K, capacity 115112K, committed 115312K, reserved 1148928K
  class space    used 14250K, capacity 15422K, committed 15436K, reserved 1048576K
}
Event: 30.964 GC heap after
{Heap after GC invocations=57 (full 0):
 garbage-first heap   total 491520K, used 192854K [0x0000000080000000, 0x0000000100000000)
  region size 1024K, 23 young (23552K), 23 survivors (23552K)
 Metaspace       used 112144K, capacity 115112K, committed 115312K, reserved 1148928K
  class space    used 14250K, capacity 15422K, committed 15436K, reserved 1048576K
}
Event: 31.413 GC heap before
{Heap before GC invocations=57 (full 0):
 garbage-first heap   total 491520K, used 374102K [0x0000000080000000, 0x0000000100000000)
  region size 1024K, 200 young (204800K), 23 survivors (23552K)
 Metaspace       used 112389K, capacity 115342K, committed 115568K, reserved 1148928K
  class space    used 14258K, capacity 15430K, committed 15436K, reserved 1048576K
}

