# JRE version: OpenJDK Runtime Environment (11.0.11+9) (build 11.0.11+9-b60-7590822)
# Java VM: OpenJDK 64-Bit Server VM (11.0.11+9-b60-7590822, mixed mode, tiered, compressed oops, g1 gc, windows-amd64)
Heap:
 garbage-first heap   total 794624K, used 190909K [0x0000000080000000, 0x0000000100000000)
  region size 1024K, 18 young (18432K), 18 survivors (18432K)
 Metaspace       used 102818K, capacity 105689K, committed 105840K, reserved 1140736K
  class space    used 13499K, capacity 14623K, committed 14668K, reserved 1048576K
GC Heap History (20 events):
Event: 20.253 GC heap after
{Heap after GC invocations=36 (full 0):
 garbage-first heap   total 165888K, used 110074K [0x0000000080000000, 0x0000000100000000)
  region size 1024K, 4 young (4096K), 4 survivors (4096K)
 Metaspace       used 93388K, capacity 95665K, committed 95728K, reserved 1132544K
  class space    used 12112K, capacity 12991K, committed 13004K, reserved 1048576K
}
Event: 20.324 GC heap before
{Heap before GC invocations=36 (full 0):
 garbage-first heap   total 165888K, used 133626K [0x0000000080000000, 0x0000000100000000)
  region size 1024K, 26 young (26624K), 4 survivors (4096K)
 Metaspace       used 93453K, capacity 95743K, committed 95984K, reserved 1132544K
  class space    used 12123K, capacity 12997K, committed 13004K, reserved 1048576K
}
Event: 20.336 GC heap after
{Heap after GC invocations=37 (full 0):
 garbage-first heap   total 165888K, used 117055K [0x0000000080000000, 0x0000000100000000)
  region size 1024K, 4 young (4096K), 4 survivors (4096K)
 Metaspace       used 93453K, capacity 95743K, committed 95984K, reserved 1132544K
  class space    used 12123K, capacity 12997K, committed 13004K, reserved 1048576K
}
Event: 20.398 GC heap before
{Heap before GC invocations=37 (full 0):
 garbage-first heap   total 165888K, used 134463K [0x0000000080000000, 0x0000000100000000)
  region size 1024K, 22 young (22528K), 4 survivors (4096K)
 Metaspace       used 93751K, capacity 96028K, committed 96368K, reserved 1132544K
  class space    used 12166K, capacity 13039K, committed 13132K, reserved 1048576K
}
Event: 20.411 GC heap after
{Heap after GC invocations=38 (full 0):
 garbage-first heap   total 237568K, used 122436K [0x0000000080000000, 0x0000000100000000)
  region size 1024K, 3 young (3072K), 3 survivors (3072K)
 Metaspace       used 93751K, capacity 96028K, committed 96368K, reserved 1132544K
  class space    used 12166K, capacity 13039K, committed 13132K, reserved 1048576K
}
Event: 20.667 GC heap before
{Heap before GC invocations=39 (full 0):
 garbage-first heap   total 237568K, used 171588K [0x0000000080000000, 0x0000000100000000)
  region size 1024K, 52 young (53248K), 3 survivors (3072K)
 Metaspace       used 94634K, capacity 96985K, committed 97264K, reserved 1134592K
  class space    used 12287K, capacity 13206K, committed 13260K, reserved 1048576K
}
Event: 20.690 GC heap after
{Heap after GC invocations=40 (full 0):
 garbage-first heap   total 237568K, used 132936K [0x0000000080000000, 0x0000000100000000)
  region size 1024K, 7 young (7168K), 7 survivors (7168K)
 Metaspace       used 94634K, capacity 96985K, committed 97264K, reserved 1134592K
  class space    used 12287K, capacity 13206K, committed 13260K, reserved 1048576K
}
Event: 20.911 GC heap before
{Heap before GC invocations=40 (full 0):
 garbage-first heap   total 237568K, used 179016K [0x0000000080000000, 0x0000000100000000)
  region size 1024K, 52 young (53248K), 7 survivors (7168K)
 Metaspace       used 95969K, capacity 98423K, committed 98544K, reserved 1134592K
  class space    used 12491K, capacity 13450K, committed 13516K, reserved 1048576K
}
Event: 20.932 GC heap after
{Heap after GC invocations=41 (full 0):
 garbage-first heap   total 237568K, used 141896K [0x0000000080000000, 0x0000000100000000)
  region size 1024K, 7 young (7168K), 7 survivors (7168K)
 Metaspace       used 95969K, capacity 98423K, committed 98544K, reserved 1134592K
  class space    used 12491K, capacity 13450K, committed 13516K, reserved 1048576K
}
Event: 21.111 GC heap before
{Heap before GC invocations=41 (full 0):
 garbage-first heap   total 237568K, used 184904K [0x0000000080000000, 0x0000000100000000)
  region size 1024K, 49 young (50176K), 7 survivors (7168K)
 Metaspace       used 96363K, capacity 98937K, committed 99184K, reserved 1134592K
  class space    used 12554K, capacity 13588K, committed 13644K, reserved 1048576K
}
Event: 21.125 GC heap after
{Heap after GC invocations=42 (full 0):
 garbage-first heap   total 237568K, used 150443K [0x0000000080000000, 0x0000000100000000)
  region size 1024K, 7 young (7168K), 7 survivors (7168K)
 Metaspace       used 96363K, capacity 98937K, committed 99184K, reserved 1134592K
  class space    used 12554K, capacity 13588K, committed 13644K, reserved 1048576K
}
Event: 21.231 GC heap before
{Heap before GC invocations=42 (full 0):
 garbage-first heap   total 237568K, used 188331K [0x0000000080000000, 0x0000000100000000)
  region size 1024K, 45 young (46080K), 7 survivors (7168K)
 Metaspace       used 96712K, capacity 99232K, committed 99824K, reserved 1136640K
  class space    used 12603K, capacity 13606K, committed 13772K, reserved 1048576K
}
Event: 21.254 GC heap after
{Heap after GC invocations=43 (full 0):
 garbage-first heap   total 483328K, used 157890K [0x0000000080000000, 0x0000000100000000)
  region size 1024K, 6 young (6144K), 6 survivors (6144K)
 Metaspace       used 96712K, capacity 99232K, committed 99824K, reserved 1136640K
  class space    used 12603K, capacity 13606K, committed 13772K, reserved 1048576K
}
Event: 22.035 GC heap before
{Heap before GC invocations=44 (full 0):
 garbage-first heap   total 483328K, used 275650K [0x0000000080000000, 0x0000000100000000)
  region size 1024K, 121 young (123904K), 6 survivors (6144K)
 Metaspace       used 100279K, capacity 103016K, committed 103152K, reserved 1138688K
  class space    used 13171K, capacity 14245K, committed 14284K, reserved 1048576K
}
Event: 22.068 GC heap after
{Heap after GC invocations=45 (full 0):
 garbage-first heap   total 483328K, used 172816K [0x0000000080000000, 0x0000000100000000)
  region size 1024K, 16 young (16384K), 16 survivors (16384K)
 Metaspace       used 100279K, capacity 103016K, committed 103152K, reserved 1138688K
  class space    used 13171K, capacity 14245K, committed 14284K, reserved 1048576K
}
Event: 22.717 GC heap before
{Heap before GC invocations=45 (full 0):
 garbage-first heap   total 483328K, used 306960K [0x0000000080000000, 0x0000000100000000)
  region size 1024K, 147 young (150528K), 16 survivors (16384K)
 Metaspace       used 100891K, capacity 103607K, committed 103792K, reserved 1138688K
  class space    used 13233K, capacity 14290K, committed 14412K, reserved 1048576K
}
Event: 22.742 GC heap after
{Heap after GC invocations=46 (full 0):
 garbage-first heap   total 483328K, used 180910K [0x0000000080000000, 0x0000000100000000)
  region size 1024K, 8 young (8192K), 8 survivors (8192K)
 Metaspace       used 100891K, capacity 103607K, committed 103792K, reserved 1138688K
  class space    used 13233K, capacity 14290K, committed 14412K, reserved 1048576K
}
Event: 23.272 GC heap before
{Heap before GC invocations=46 (full 0):
 garbage-first heap   total 483328K, used 329390K [0x0000000080000000, 0x0000000100000000)
  region size 1024K, 153 young (156672K), 8 survivors (8192K)
 Metaspace       used 101929K, capacity 104741K, committed 104944K, reserved 1140736K
  class space    used 13389K, capacity 14500K, committed 14540K, reserved 1048576K
}
Event: 23.287 GC heap after
{Heap after GC invocations=47 (full 0):
 garbage-first heap   total 483328K, used 183296K [0x0000000080000000, 0x0000000100000000)
  region size 1024K, 10 young (10240K), 10 survivors (10240K)
 Metaspace       used 101929K, capacity 104741K, committed 104944K, reserved 1140736K
  class space    used 13389K, capacity 14500K, committed 14540K, reserved 1048576K
}
Event: 23.855 GC heap before
{Heap before GC invocations=47 (full 0):
 garbage-first heap   total 483328K, used 376832K [0x0000000080000000, 0x0000000100000000)
  region size 1024K, 200 young (204800K), 10 survivors (10240K)
 Metaspace       used 102818K, capacity 105689K, committed 105840K, reserved 1140736K
  class space    used 13499K, capacity 14623K, committed 14668K, reserved 1048576K
}

