# JRE version: OpenJDK Runtime Environment (11.0.11+9) (build 11.0.11+9-b60-7590822)
# Java VM: OpenJDK 64-Bit Server VM (11.0.11+9-b60-7590822, mixed mode, tiered, compressed oops, g1 gc, windows-amd64)
Heap:
 garbage-first heap   total 466944K, used 400002K [0x0000000080000000, 0x0000000100000000)
  region size 1024K, 194 young (198656K), 15 survivors (15360K)
 Metaspace       used 112593K, capacity 115810K, committed 115912K, reserved 1148928K
  class space    used 14324K, capacity 15613K, committed 15692K, reserved 1048576K
GC Heap History (20 events):
Event: 27.627 GC heap before
{Heap before GC invocations=52 (full 0):
 garbage-first heap   total 287744K, used 232937K [0x0000000080000000, 0x0000000100000000)
  region size 1024K, 56 young (57344K), 8 survivors (8192K)
 Metaspace       used 109086K, capacity 112102K, committed 112200K, reserved 1146880K
  class space    used 14029K, capacity 15241K, committed 15308K, reserved 1048576K
}
Event: 27.644 GC heap after
{Heap after GC invocations=53 (full 0):
 garbage-first heap   total 361472K, used 191993K [0x0000000080000000, 0x0000000100000000)
  region size 1024K, 7 young (7168K), 7 survivors (7168K)
 Metaspace       used 109086K, capacity 112102K, committed 112200K, reserved 1146880K
  class space    used 14029K, capacity 15241K, committed 15308K, reserved 1048576K
}
Event: 28.422 GC heap before
{Heap before GC invocations=53 (full 0):
 garbage-first heap   total 361472K, used 259577K [0x0000000080000000, 0x0000000100000000)
  region size 1024K, 74 young (75776K), 7 survivors (7168K)
 Metaspace       used 110401K, capacity 113490K, committed 113608K, reserved 1146880K
  class space    used 14133K, capacity 15349K, committed 15436K, reserved 1048576K
}
Event: 28.440 GC heap after
{Heap after GC invocations=54 (full 0):
 garbage-first heap   total 361472K, used 196353K [0x0000000080000000, 0x0000000100000000)
  region size 1024K, 5 young (5120K), 5 survivors (5120K)
 Metaspace       used 110401K, capacity 113490K, committed 113608K, reserved 1146880K
  class space    used 14133K, capacity 15349K, committed 15436K, reserved 1048576K
}
Event: 28.667 GC heap before
{Heap before GC invocations=54 (full 0):
 garbage-first heap   total 361472K, used 265985K [0x0000000080000000, 0x0000000100000000)
  region size 1024K, 74 young (75776K), 5 survivors (5120K)
 Metaspace       used 110507K, capacity 113600K, committed 113864K, reserved 1148928K
  class space    used 14161K, capacity 15386K, committed 15436K, reserved 1048576K
}
Event: 28.678 GC heap after
{Heap after GC invocations=55 (full 0):
 garbage-first heap   total 361472K, used 199750K [0x0000000080000000, 0x0000000100000000)
  region size 1024K, 8 young (8192K), 8 survivors (8192K)
 Metaspace       used 110507K, capacity 113600K, committed 113864K, reserved 1148928K
  class space    used 14161K, capacity 15386K, committed 15436K, reserved 1048576K
}
Event: 28.952 GC heap before
{Heap before GC invocations=55 (full 0):
 garbage-first heap   total 361472K, used 273478K [0x0000000080000000, 0x0000000100000000)
  region size 1024K, 80 young (81920K), 8 survivors (8192K)
 Metaspace       used 110540K, capacity 113624K, committed 113864K, reserved 1148928K
  class space    used 14168K, capacity 15395K, committed 15436K, reserved 1048576K
}
Event: 28.963 GC heap after
{Heap after GC invocations=56 (full 0):
 garbage-first heap   total 361472K, used 202220K [0x0000000080000000, 0x0000000100000000)
  region size 1024K, 7 young (7168K), 7 survivors (7168K)
 Metaspace       used 110540K, capacity 113624K, committed 113864K, reserved 1148928K
  class space    used 14168K, capacity 15395K, committed 15436K, reserved 1048576K
}
Event: 29.198 GC heap before
{Heap before GC invocations=56 (full 0):
 garbage-first heap   total 361472K, used 279020K [0x0000000080000000, 0x0000000100000000)
  region size 1024K, 82 young (83968K), 7 survivors (7168K)
 Metaspace       used 110589K, capacity 113679K, committed 113992K, reserved 1148928K
  class space    used 14182K, capacity 15435K, committed 15564K, reserved 1048576K
}
Event: 29.211 GC heap after
{Heap after GC invocations=57 (full 0):
 garbage-first heap   total 466944K, used 203577K [0x0000000080000000, 0x0000000100000000)
  region size 1024K, 4 young (4096K), 4 survivors (4096K)
 Metaspace       used 110589K, capacity 113679K, committed 113992K, reserved 1148928K
  class space    used 14182K, capacity 15435K, committed 15564K, reserved 1048576K
}
Event: 29.932 GC heap before
{Heap before GC invocations=57 (full 0):
 garbage-first heap   total 466944K, used 330553K [0x0000000080000000, 0x0000000100000000)
  region size 1024K, 129 young (132096K), 4 survivors (4096K)
 Metaspace       used 110950K, capacity 114071K, committed 114248K, reserved 1148928K
  class space    used 14184K, capacity 15435K, committed 15564K, reserved 1048576K
}
Event: 29.942 GC heap after
{Heap after GC invocations=58 (full 0):
 garbage-first heap   total 466944K, used 206345K [0x0000000080000000, 0x0000000100000000)
  region size 1024K, 7 young (7168K), 7 survivors (7168K)
 Metaspace       used 110950K, capacity 114071K, committed 114248K, reserved 1148928K
  class space    used 14184K, capacity 15435K, committed 15564K, reserved 1048576K
}
Event: 30.332 GC heap before
{Heap before GC invocations=58 (full 0):
 garbage-first heap   total 466944K, used 358921K [0x0000000080000000, 0x0000000100000000)
  region size 1024K, 156 young (159744K), 7 survivors (7168K)
 Metaspace       used 111176K, capacity 114290K, committed 114504K, reserved 1148928K
  class space    used 14187K, capacity 15439K, committed 15564K, reserved 1048576K
}
Event: 30.343 GC heap after
{Heap after GC invocations=59 (full 0):
 garbage-first heap   total 466944K, used 208654K [0x0000000080000000, 0x0000000100000000)
  region size 1024K, 9 young (9216K), 9 survivors (9216K)
 Metaspace       used 111176K, capacity 114290K, committed 114504K, reserved 1148928K
  class space    used 14187K, capacity 15439K, committed 15564K, reserved 1048576K
}
Event: 30.767 GC heap before
{Heap before GC invocations=59 (full 0):
 garbage-first heap   total 466944K, used 384782K [0x0000000080000000, 0x0000000100000000)
  region size 1024K, 181 young (185344K), 9 survivors (9216K)
 Metaspace       used 111558K, capacity 114707K, committed 115016K, reserved 1148928K
  class space    used 14189K, capacity 15442K, committed 15564K, reserved 1048576K
}
Event: 30.778 GC heap after
{Heap after GC invocations=60 (full 0):
 garbage-first heap   total 466944K, used 211126K [0x0000000080000000, 0x0000000100000000)
  region size 1024K, 12 young (12288K), 12 survivors (12288K)
 Metaspace       used 111558K, capacity 114707K, committed 115016K, reserved 1148928K
  class space    used 14189K, capacity 15442K, committed 15564K, reserved 1048576K
}
Event: 31.115 GC heap before
{Heap before GC invocations=60 (full 0):
 garbage-first heap   total 466944K, used 389302K [0x0000000080000000, 0x0000000100000000)
  region size 1024K, 186 young (190464K), 12 survivors (12288K)
 Metaspace       used 111667K, capacity 114799K, committed 115016K, reserved 1148928K
  class space    used 14193K, capacity 15448K, committed 15564K, reserved 1048576K
}
Event: 31.128 GC heap after
{Heap after GC invocations=61 (full 0):
 garbage-first heap   total 466944K, used 214064K [0x0000000080000000, 0x0000000100000000)
  region size 1024K, 15 young (15360K), 15 survivors (15360K)
 Metaspace       used 111667K, capacity 114799K, committed 115016K, reserved 1148928K
  class space    used 14193K, capacity 15448K, committed 15564K, reserved 1048576K
}
Event: 31.418 GC heap before
{Heap before GC invocations=61 (full 0):
 garbage-first heap   total 466944K, used 396336K [0x0000000080000000, 0x0000000100000000)
  region size 1024K, 193 young (197632K), 15 survivors (15360K)
 Metaspace       used 111703K, capacity 114799K, committed 115016K, reserved 1148928K
  class space    used 14193K, capacity 15448K, committed 15564K, reserved 1048576K
}
Event: 31.439 GC heap after
{Heap after GC invocations=62 (full 0):
 garbage-first heap   total 466944K, used 216706K [0x0000000080000000, 0x0000000100000000)
  region size 1024K, 15 young (15360K), 15 survivors (15360K)
 Metaspace       used 111703K, capacity 114799K, committed 115016K, reserved 1148928K
  class space    used 14193K, capacity 15448K, committed 15564K, reserved 1048576K
}

