# JRE version: OpenJDK Runtime Environment (11.0.11+9) (build 11.0.11+9-b60-7590822)
# Java VM: OpenJDK 64-Bit Server VM (11.0.11+9-b60-7590822, mixed mode, tiered, compressed oops, g1 gc, windows-amd64)
Heap:
 garbage-first heap   total 582656K, used 186524K [0x0000000080000000, 0x0000000100000000)
  region size 1024K, 14 young (14336K), 14 survivors (14336K)
 Metaspace       used 103014K, capacity 105841K, committed 106020K, reserved 1140736K
  class space    used 13466K, capacity 14593K, committed 14720K, reserved 1048576K
GC Heap History (20 events):
Event: 19.608 GC heap after
{Heap after GC invocations=40 (full 0):
 garbage-first heap   total 199680K, used 115043K [0x0000000080000000, 0x0000000100000000)
  region size 1024K, 7 young (7168K), 7 survivors (7168K)
 Metaspace       used 94261K, capacity 96609K, committed 96804K, reserved 1132544K
  class space    used 12201K, capacity 13079K, committed 13184K, reserved 1048576K
}
Event: 19.833 GC heap before
{Heap before GC invocations=40 (full 0):
 garbage-first heap   total 199680K, used 158051K [0x0000000080000000, 0x0000000100000000)
  region size 1024K, 47 young (48128K), 7 survivors (7168K)
 Metaspace       used 94520K, capacity 96792K, committed 97060K, reserved 1132544K
  class space    used 12227K, capacity 13072K, committed 13184K, reserved 1048576K
}
Event: 19.855 GC heap after
{Heap after GC invocations=41 (full 0):
 garbage-first heap   total 199680K, used 125952K [0x0000000080000000, 0x0000000100000000)
  region size 1024K, 6 young (6144K), 6 survivors (6144K)
 Metaspace       used 94520K, capacity 96792K, committed 97060K, reserved 1132544K
  class space    used 12227K, capacity 13072K, committed 13184K, reserved 1048576K
}
Event: 19.968 GC heap before
{Heap before GC invocations=42 (full 0):
 garbage-first heap   total 199680K, used 158720K [0x0000000080000000, 0x0000000100000000)
  region size 1024K, 39 young (39936K), 6 survivors (6144K)
 Metaspace       used 95006K, capacity 97318K, committed 97572K, reserved 1134592K
  class space    used 12298K, capacity 13150K, committed 13184K, reserved 1048576K
}
Event: 19.986 GC heap after
{Heap after GC invocations=43 (full 0):
 garbage-first heap   total 273408K, used 133820K [0x0000000080000000, 0x0000000100000000)
  region size 1024K, 5 young (5120K), 5 survivors (5120K)
 Metaspace       used 95006K, capacity 97318K, committed 97572K, reserved 1134592K
  class space    used 12298K, capacity 13150K, committed 13184K, reserved 1048576K
}
Event: 20.217 GC heap before
{Heap before GC invocations=43 (full 0):
 garbage-first heap   total 273408K, used 190140K [0x0000000080000000, 0x0000000100000000)
  region size 1024K, 60 young (61440K), 5 survivors (5120K)
 Metaspace       used 96441K, capacity 98927K, committed 99236K, reserved 1134592K
  class space    used 12518K, capacity 13475K, committed 13568K, reserved 1048576K
}
Event: 20.240 GC heap after
{Heap after GC invocations=44 (full 0):
 garbage-first heap   total 273408K, used 144384K [0x0000000080000000, 0x0000000100000000)
  region size 1024K, 8 young (8192K), 8 survivors (8192K)
 Metaspace       used 96441K, capacity 98927K, committed 99236K, reserved 1134592K
  class space    used 12518K, capacity 13475K, committed 13568K, reserved 1048576K
}
Event: 20.475 GC heap before
{Heap before GC invocations=44 (full 0):
 garbage-first heap   total 273408K, used 199680K [0x0000000080000000, 0x0000000100000000)
  region size 1024K, 62 young (63488K), 8 survivors (8192K)
 Metaspace       used 96470K, capacity 98923K, committed 99236K, reserved 1134592K
  class space    used 12525K, capacity 13466K, committed 13568K, reserved 1048576K
}
Event: 20.499 GC heap after
{Heap after GC invocations=45 (full 0):
 garbage-first heap   total 273408K, used 154982K [0x0000000080000000, 0x0000000100000000)
  region size 1024K, 8 young (8192K), 8 survivors (8192K)
 Metaspace       used 96470K, capacity 98923K, committed 99236K, reserved 1134592K
  class space    used 12525K, capacity 13466K, committed 13568K, reserved 1048576K
}
Event: 20.517 GC heap before
{Heap before GC invocations=45 (full 0):
 garbage-first heap   total 273408K, used 160102K [0x0000000080000000, 0x0000000100000000)
  region size 1024K, 13 young (13312K), 8 survivors (8192K)
 Metaspace       used 96508K, capacity 98924K, committed 99236K, reserved 1134592K
  class space    used 12534K, capacity 13466K, committed 13568K, reserved 1048576K
}
Event: 20.530 GC heap after
{Heap after GC invocations=46 (full 0):
 garbage-first heap   total 273408K, used 157119K [0x0000000080000000, 0x0000000100000000)
  region size 1024K, 2 young (2048K), 2 survivors (2048K)
 Metaspace       used 96508K, capacity 98924K, committed 99236K, reserved 1134592K
  class space    used 12534K, capacity 13466K, committed 13568K, reserved 1048576K
}
Event: 20.613 GC heap before
{Heap before GC invocations=47 (full 0):
 garbage-first heap   total 273408K, used 187839K [0x0000000080000000, 0x0000000100000000)
  region size 1024K, 32 young (32768K), 2 survivors (2048K)
 Metaspace       used 96887K, capacity 99297K, committed 99620K, reserved 1134592K
  class space    used 12614K, capacity 13548K, committed 13696K, reserved 1048576K
}
Event: 20.630 GC heap after
{Heap after GC invocations=48 (full 0):
 garbage-first heap   total 448512K, used 162620K [0x0000000080000000, 0x0000000100000000)
  region size 1024K, 4 young (4096K), 4 survivors (4096K)
 Metaspace       used 96887K, capacity 99297K, committed 99620K, reserved 1134592K
  class space    used 12614K, capacity 13548K, committed 13696K, reserved 1048576K
}
Event: 21.641 GC heap before
{Heap before GC invocations=48 (full 0):
 garbage-first heap   total 448512K, used 270140K [0x0000000080000000, 0x0000000100000000)
  region size 1024K, 110 young (112640K), 4 survivors (4096K)
 Metaspace       used 101696K, capacity 104409K, committed 104484K, reserved 1138688K
  class space    used 13324K, capacity 14397K, committed 14464K, reserved 1048576K
}
Event: 21.672 GC heap after
{Heap after GC invocations=49 (full 0):
 garbage-first heap   total 448512K, used 173435K [0x0000000080000000, 0x0000000100000000)
  region size 1024K, 14 young (14336K), 14 survivors (14336K)
 Metaspace       used 101696K, capacity 104409K, committed 104484K, reserved 1138688K
  class space    used 13324K, capacity 14397K, committed 14464K, reserved 1048576K
}
Event: 22.277 GC heap before
{Heap before GC invocations=49 (full 0):
 garbage-first heap   total 448512K, used 295291K [0x0000000080000000, 0x0000000100000000)
  region size 1024K, 134 young (137216K), 14 survivors (14336K)
 Metaspace       used 102343K, capacity 105183K, committed 105380K, reserved 1140736K
  class space    used 13421K, capacity 14526K, committed 14592K, reserved 1048576K
}
Event: 22.299 GC heap after
{Heap after GC invocations=50 (full 0):
 garbage-first heap   total 448512K, used 178422K [0x0000000080000000, 0x0000000100000000)
  region size 1024K, 6 young (6144K), 6 survivors (6144K)
 Metaspace       used 102343K, capacity 105183K, committed 105380K, reserved 1140736K
  class space    used 13421K, capacity 14526K, committed 14592K, reserved 1048576K
}
Event: 22.767 GC heap before
{Heap before GC invocations=50 (full 0):
 garbage-first heap   total 448512K, used 312566K [0x0000000080000000, 0x0000000100000000)
  region size 1024K, 137 young (140288K), 6 survivors (6144K)
 Metaspace       used 102443K, capacity 105214K, committed 105380K, reserved 1140736K
  class space    used 13448K, capacity 14537K, committed 14592K, reserved 1048576K
}
Event: 22.780 GC heap after
{Heap after GC invocations=51 (full 0):
 garbage-first heap   total 448512K, used 182388K [0x0000000080000000, 0x0000000100000000)
  region size 1024K, 10 young (10240K), 10 survivors (10240K)
 Metaspace       used 102443K, capacity 105214K, committed 105380K, reserved 1140736K
  class space    used 13448K, capacity 14537K, committed 14592K, reserved 1048576K
}
Event: 23.548 GC heap before
{Heap before GC invocations=51 (full 0):
 garbage-first heap   total 448512K, used 351348K [0x0000000080000000, 0x0000000100000000)
  region size 1024K, 175 young (179200K), 10 survivors (10240K)
 Metaspace       used 103014K, capacity 105841K, committed 106020K, reserved 1140736K
  class space    used 13466K, capacity 14593K, committed 14720K, reserved 1048576K
}

