# JRE version: OpenJDK Runtime Environment (11.0.11+9) (build 11.0.11+9-b60-7590822)
# Java VM: OpenJDK 64-Bit Server VM (11.0.11+9-b60-7590822, mixed mode, tiered, compressed oops, g1 gc, windows-amd64)
Heap:
 garbage-first heap   total 165888K, used 106031K [0x0000000080000000, 0x0000000100000000)
  region size 1024K, 21 young (21504K), 7 survivors (7168K)
 Metaspace       used 89995K, capacity 92213K, committed 92400K, reserved 1130496K
  class space    used 11639K, capacity 12465K, committed 12492K, reserved 1048576K
GC Heap History (20 events):
Event: 10.353 GC heap before
{Heap before GC invocations=13 (full 0):
 garbage-first heap   total 138240K, used 51231K [0x0000000080000000, 0x0000000100000000)
  region size 1024K, 8 young (8192K), 3 survivors (3072K)
 Metaspace       used 58527K, capacity 59845K, committed 59940K, reserved 1101824K
  class space    used 7404K, capacity 7923K, committed 7936K, reserved 1048576K
}
Event: 10.357 GC heap after
{Heap after GC invocations=14 (full 0):
 garbage-first heap   total 138240K, used 46711K [0x0000000080000000, 0x0000000100000000)
  region size 1024K, 3 young (3072K), 3 survivors (3072K)
 Metaspace       used 58527K, capacity 59845K, committed 59940K, reserved 1101824K
  class space    used 7404K, capacity 7923K, committed 7936K, reserved 1048576K
}
Event: 11.264 GC heap before
{Heap before GC invocations=15 (full 0):
 garbage-first heap   total 138240K, used 99959K [0x0000000080000000, 0x0000000100000000)
  region size 1024K, 56 young (57344K), 3 survivors (3072K)
 Metaspace       used 64366K, capacity 65785K, committed 65904K, reserved 1105920K
  class space    used 8124K, capacity 8703K, committed 8780K, reserved 1048576K
}
Event: 11.273 GC heap after
{Heap after GC invocations=16 (full 0):
 garbage-first heap   total 138240K, used 51247K [0x0000000080000000, 0x0000000100000000)
  region size 1024K, 7 young (7168K), 7 survivors (7168K)
 Metaspace       used 64366K, capacity 65785K, committed 65904K, reserved 1105920K
  class space    used 8124K, capacity 8703K, committed 8780K, reserved 1048576K
}
Event: 11.940 GC heap before
{Heap before GC invocations=17 (full 0):
 garbage-first heap   total 138240K, used 104495K [0x0000000080000000, 0x0000000100000000)
  region size 1024K, 59 young (60416K), 7 survivors (7168K)
 Metaspace       used 66713K, capacity 68255K, committed 68464K, reserved 1110016K
  class space    used 8428K, capacity 9008K, committed 9036K, reserved 1048576K
}
Event: 11.950 GC heap after
{Heap after GC invocations=18 (full 0):
 garbage-first heap   total 138240K, used 55245K [0x0000000080000000, 0x0000000100000000)
  region size 1024K, 5 young (5120K), 5 survivors (5120K)
 Metaspace       used 66713K, capacity 68255K, committed 68464K, reserved 1110016K
  class space    used 8428K, capacity 9008K, committed 9036K, reserved 1048576K
}
Event: 13.197 GC heap before
{Heap before GC invocations=18 (full 0):
 garbage-first heap   total 138240K, used 106445K [0x0000000080000000, 0x0000000100000000)
  region size 1024K, 55 young (56320K), 5 survivors (5120K)
 Metaspace       used 72270K, capacity 73920K, committed 74096K, reserved 1114112K
  class space    used 9341K, capacity 9967K, committed 10060K, reserved 1048576K
}
Event: 13.205 GC heap after
{Heap after GC invocations=19 (full 0):
 garbage-first heap   total 165888K, used 58837K [0x0000000080000000, 0x0000000100000000)
  region size 1024K, 4 young (4096K), 4 survivors (4096K)
 Metaspace       used 72270K, capacity 73920K, committed 74096K, reserved 1114112K
  class space    used 9341K, capacity 9967K, committed 10060K, reserved 1048576K
}
Event: 15.228 GC heap before
{Heap before GC invocations=19 (full 0):
 garbage-first heap   total 165888K, used 123349K [0x0000000080000000, 0x0000000100000000)
  region size 1024K, 67 young (68608K), 4 survivors (4096K)
 Metaspace       used 78918K, capacity 80771K, committed 80880K, reserved 1120256K
  class space    used 10239K, capacity 10923K, committed 10956K, reserved 1048576K
}
Event: 15.237 GC heap after
{Heap after GC invocations=20 (full 0):
 garbage-first heap   total 165888K, used 62694K [0x0000000080000000, 0x0000000100000000)
  region size 1024K, 8 young (8192K), 8 survivors (8192K)
 Metaspace       used 78918K, capacity 80771K, committed 80880K, reserved 1120256K
  class space    used 10239K, capacity 10923K, committed 10956K, reserved 1048576K
}
Event: 17.265 GC heap before
{Heap before GC invocations=20 (full 0):
 garbage-first heap   total 165888K, used 126182K [0x0000000080000000, 0x0000000100000000)
  region size 1024K, 71 young (72704K), 8 survivors (8192K)
 Metaspace       used 83021K, capacity 85074K, committed 85360K, reserved 1124352K
  class space    used 10763K, capacity 11543K, committed 11596K, reserved 1048576K
}
Event: 17.280 GC heap after
{Heap after GC invocations=21 (full 0):
 garbage-first heap   total 165888K, used 68371K [0x0000000080000000, 0x0000000100000000)
  region size 1024K, 9 young (9216K), 9 survivors (9216K)
 Metaspace       used 83021K, capacity 85074K, committed 85360K, reserved 1124352K
  class space    used 10763K, capacity 11543K, committed 11596K, reserved 1048576K
}
Event: 18.117 GC heap before
{Heap before GC invocations=21 (full 0):
 garbage-first heap   total 165888K, used 128787K [0x0000000080000000, 0x0000000100000000)
  region size 1024K, 69 young (70656K), 9 survivors (9216K)
 Metaspace       used 85511K, capacity 87663K, committed 87792K, reserved 1126400K
  class space    used 11098K, capacity 11905K, committed 11980K, reserved 1048576K
}
Event: 18.128 GC heap after
{Heap after GC invocations=22 (full 0):
 garbage-first heap   total 165888K, used 72101K [0x0000000080000000, 0x0000000100000000)
  region size 1024K, 4 young (4096K), 4 survivors (4096K)
 Metaspace       used 85511K, capacity 87663K, committed 87792K, reserved 1126400K
  class space    used 11098K, capacity 11905K, committed 11980K, reserved 1048576K
}
Event: 18.925 GC heap before
{Heap before GC invocations=22 (full 0):
 garbage-first heap   total 165888K, used 131493K [0x0000000080000000, 0x0000000100000000)
  region size 1024K, 63 young (64512K), 4 survivors (4096K)
 Metaspace       used 87802K, capacity 89851K, committed 90096K, reserved 1128448K
  class space    used 11329K, capacity 12107K, committed 12236K, reserved 1048576K
}
Event: 18.934 GC heap after
{Heap after GC invocations=23 (full 0):
 garbage-first heap   total 165888K, used 75898K [0x0000000080000000, 0x0000000100000000)
  region size 1024K, 8 young (8192K), 8 survivors (8192K)
 Metaspace       used 87802K, capacity 89851K, committed 90096K, reserved 1128448K
  class space    used 11329K, capacity 12107K, committed 12236K, reserved 1048576K
}
Event: 19.334 GC heap before
{Heap before GC invocations=23 (full 0):
 garbage-first heap   total 165888K, used 140410K [0x0000000080000000, 0x0000000100000000)
  region size 1024K, 64 young (65536K), 8 survivors (8192K)
 Metaspace       used 88800K, capacity 90977K, committed 91248K, reserved 1128448K
  class space    used 11477K, capacity 12309K, committed 12364K, reserved 1048576K
}
Event: 19.346 GC heap after
{Heap after GC invocations=24 (full 0):
 garbage-first heap   total 165888K, used 85504K [0x0000000080000000, 0x0000000100000000)
  region size 1024K, 8 young (8192K), 8 survivors (8192K)
 Metaspace       used 88800K, capacity 90977K, committed 91248K, reserved 1128448K
  class space    used 11477K, capacity 12309K, committed 12364K, reserved 1048576K
}
Event: 19.515 GC heap before
{Heap before GC invocations=24 (full 0):
 garbage-first heap   total 165888K, used 133632K [0x0000000080000000, 0x0000000100000000)
  region size 1024K, 56 young (57344K), 8 survivors (8192K)
 Metaspace       used 89464K, capacity 91662K, committed 91888K, reserved 1128448K
  class space    used 11559K, capacity 12387K, committed 12492K, reserved 1048576K
}
Event: 19.526 GC heap after
{Heap after GC invocations=25 (full 0):
 garbage-first heap   total 165888K, used 93743K [0x0000000080000000, 0x0000000100000000)
  region size 1024K, 7 young (7168K), 7 survivors (7168K)
 Metaspace       used 89464K, capacity 91662K, committed 91888K, reserved 1128448K
  class space    used 11559K, capacity 12387K, committed 12492K, reserved 1048576K
}

