# JRE version: OpenJDK Runtime Environment (11.0.11+9) (build 11.0.11+9-b60-7590822)
# Java VM: OpenJDK 64-Bit Server VM (11.0.11+9-b60-7590822, mixed mode, tiered, compressed oops, g1 gc, windows-amd64)
Heap:
 garbage-first heap   total 317440K, used 146318K [0x0000000080000000, 0x0000000100000000)
  region size 1024K, 4 young (4096K), 4 survivors (4096K)
 Metaspace       used 94415K, capacity 96748K, committed 96880K, reserved 1132544K
  class space    used 12225K, capacity 13129K, committed 13132K, reserved 1048576K
GC Heap History (20 events):
Event: 17.710 GC heap after
{Heap after GC invocations=23 (full 0):
 garbage-first heap   total 165888K, used 82198K [0x0000000080000000, 0x0000000100000000)
  region size 1024K, 2 young (2048K), 2 survivors (2048K)
 Metaspace       used 88270K, capacity 90483K, committed 90736K, reserved 1128448K
  class space    used 11415K, capacity 12265K, committed 12364K, reserved 1048576K
}
Event: 17.910 GC heap before
{Heap before GC invocations=24 (full 0):
 garbage-first heap   total 165888K, used 127254K [0x0000000080000000, 0x0000000100000000)
  region size 1024K, 45 young (46080K), 2 survivors (2048K)
 Metaspace       used 88683K, capacity 90797K, committed 91376K, reserved 1128448K
  class space    used 11442K, capacity 12238K, committed 12492K, reserved 1048576K
}
Event: 17.916 GC heap after
{Heap after GC invocations=25 (full 0):
 garbage-first heap   total 165888K, used 86016K [0x0000000080000000, 0x0000000100000000)
  region size 1024K, 6 young (6144K), 6 survivors (6144K)
 Metaspace       used 88683K, capacity 90797K, committed 91376K, reserved 1128448K
  class space    used 11442K, capacity 12238K, committed 12492K, reserved 1048576K
}
Event: 17.964 GC heap before
{Heap before GC invocations=25 (full 0):
 garbage-first heap   total 165888K, used 128000K [0x0000000080000000, 0x0000000100000000)
  region size 1024K, 48 young (49152K), 6 survivors (6144K)
 Metaspace       used 88903K, capacity 91046K, committed 91632K, reserved 1128448K
  class space    used 11467K, capacity 12277K, committed 12492K, reserved 1048576K
}
Event: 17.974 GC heap after
{Heap after GC invocations=26 (full 0):
 garbage-first heap   total 165888K, used 98476K [0x0000000080000000, 0x0000000100000000)
  region size 1024K, 6 young (6144K), 6 survivors (6144K)
 Metaspace       used 88903K, capacity 91046K, committed 91632K, reserved 1128448K
  class space    used 11467K, capacity 12277K, committed 12492K, reserved 1048576K
}
Event: 18.273 GC heap before
{Heap before GC invocations=27 (full 0):
 garbage-first heap   total 165888K, used 129196K [0x0000000080000000, 0x0000000100000000)
  region size 1024K, 37 young (37888K), 6 survivors (6144K)
 Metaspace       used 90715K, capacity 92884K, committed 93040K, reserved 1130496K
  class space    used 11746K, capacity 12586K, committed 12620K, reserved 1048576K
}
Event: 18.279 GC heap after
{Heap after GC invocations=28 (full 0):
 garbage-first heap   total 165888K, used 101750K [0x0000000080000000, 0x0000000100000000)
  region size 1024K, 5 young (5120K), 5 survivors (5120K)
 Metaspace       used 90715K, capacity 92884K, committed 93040K, reserved 1130496K
  class space    used 11746K, capacity 12586K, committed 12620K, reserved 1048576K
}
Event: 18.407 GC heap before
{Heap before GC invocations=28 (full 0):
 garbage-first heap   total 165888K, used 131446K [0x0000000080000000, 0x0000000100000000)
  region size 1024K, 34 young (34816K), 5 survivors (5120K)
 Metaspace       used 91817K, capacity 94048K, committed 94320K, reserved 1130496K
  class space    used 11883K, capacity 12743K, committed 12876K, reserved 1048576K
}
Event: 18.424 GC heap after
{Heap after GC invocations=29 (full 0):
 garbage-first heap   total 165888K, used 107157K [0x0000000080000000, 0x0000000100000000)
  region size 1024K, 5 young (5120K), 5 survivors (5120K)
 Metaspace       used 91817K, capacity 94048K, committed 94320K, reserved 1130496K
  class space    used 11883K, capacity 12743K, committed 12876K, reserved 1048576K
}
Event: 18.538 GC heap before
{Heap before GC invocations=29 (full 0):
 garbage-first heap   total 165888K, used 132757K [0x0000000080000000, 0x0000000100000000)
  region size 1024K, 30 young (30720K), 5 survivors (5120K)
 Metaspace       used 92203K, capacity 94429K, committed 94576K, reserved 1130496K
  class space    used 11949K, capacity 12828K, committed 12876K, reserved 1048576K
}
Event: 18.550 GC heap after
{Heap after GC invocations=30 (full 0):
 garbage-first heap   total 165888K, used 113893K [0x0000000080000000, 0x0000000100000000)
  region size 1024K, 4 young (4096K), 4 survivors (4096K)
 Metaspace       used 92203K, capacity 94429K, committed 94576K, reserved 1130496K
  class space    used 11949K, capacity 12828K, committed 12876K, reserved 1048576K
}
Event: 18.617 GC heap before
{Heap before GC invocations=30 (full 0):
 garbage-first heap   total 165888K, used 133349K [0x0000000080000000, 0x0000000100000000)
  region size 1024K, 24 young (24576K), 4 survivors (4096K)
 Metaspace       used 92189K, capacity 94366K, committed 94576K, reserved 1130496K
  class space    used 11941K, capacity 12806K, committed 12876K, reserved 1048576K
}
Event: 18.631 GC heap after
{Heap after GC invocations=31 (full 0):
 garbage-first heap   total 199680K, used 120455K [0x0000000080000000, 0x0000000100000000)
  region size 1024K, 3 young (3072K), 3 survivors (3072K)
 Metaspace       used 92189K, capacity 94366K, committed 94576K, reserved 1130496K
  class space    used 11941K, capacity 12806K, committed 12876K, reserved 1048576K
}
Event: 18.778 GC heap before
{Heap before GC invocations=32 (full 0):
 garbage-first heap   total 199680K, used 153223K [0x0000000080000000, 0x0000000100000000)
  region size 1024K, 36 young (36864K), 3 survivors (3072K)
 Metaspace       used 93142K, capacity 95461K, committed 95728K, reserved 1132544K
  class space    used 12076K, capacity 12977K, committed 13004K, reserved 1048576K
}
Event: 18.793 GC heap after
{Heap after GC invocations=33 (full 0):
 garbage-first heap   total 199680K, used 129008K [0x0000000080000000, 0x0000000100000000)
  region size 1024K, 5 young (5120K), 5 survivors (5120K)
 Metaspace       used 93142K, capacity 95461K, committed 95728K, reserved 1132544K
  class space    used 12076K, capacity 12977K, committed 13004K, reserved 1048576K
}
Event: 18.900 GC heap before
{Heap before GC invocations=33 (full 0):
 garbage-first heap   total 199680K, used 159728K [0x0000000080000000, 0x0000000100000000)
  region size 1024K, 35 young (35840K), 5 survivors (5120K)
 Metaspace       used 93320K, capacity 95657K, committed 95728K, reserved 1132544K
  class space    used 12091K, capacity 12977K, committed 13004K, reserved 1048576K
}
Event: 18.915 GC heap after
{Heap after GC invocations=34 (full 0):
 garbage-first heap   total 199680K, used 135468K [0x0000000080000000, 0x0000000100000000)
  region size 1024K, 5 young (5120K), 5 survivors (5120K)
 Metaspace       used 93320K, capacity 95657K, committed 95728K, reserved 1132544K
  class space    used 12091K, capacity 12977K, committed 13004K, reserved 1048576K
}
Event: 18.972 GC heap before
{Heap before GC invocations=34 (full 0):
 garbage-first heap   total 199680K, used 162092K [0x0000000080000000, 0x0000000100000000)
  region size 1024K, 31 young (31744K), 5 survivors (5120K)
 Metaspace       used 93692K, capacity 96043K, committed 96368K, reserved 1132544K
  class space    used 12133K, capacity 13041K, committed 13132K, reserved 1048576K
}
Event: 18.984 GC heap after
{Heap after GC invocations=35 (full 0):
 garbage-first heap   total 199680K, used 141612K [0x0000000080000000, 0x0000000100000000)
  region size 1024K, 4 young (4096K), 4 survivors (4096K)
 Metaspace       used 93692K, capacity 96043K, committed 96368K, reserved 1132544K
  class space    used 12133K, capacity 13041K, committed 13132K, reserved 1048576K
}
Event: 19.070 GC heap before
{Heap before GC invocations=35 (full 0):
 garbage-first heap   total 199680K, used 164140K [0x0000000080000000, 0x0000000100000000)
  region size 1024K, 27 young (27648K), 4 survivors (4096K)
 Metaspace       used 94415K, capacity 96748K, committed 96880K, reserved 1132544K
  class space    used 12225K, capacity 13129K, committed 13132K, reserved 1048576K
}

