# JRE version: OpenJDK Runtime Environment (11.0.11+9) (build 11.0.11+9-b60-7590822)
# Java VM: OpenJDK 64-Bit Server VM (11.0.11+9-b60-7590822, mixed mode, tiered, compressed oops, g1 gc, windows-amd64)
Heap:
 garbage-first heap   total 288768K, used 199053K [0x0000000080000000, 0x0000000100000000)
  region size 1024K, 18 young (18432K), 2 survivors (2048K)
 Metaspace       used 108679K, capacity 111387K, committed 112456K, reserved 1146880K
  class space    used 13866K, capacity 14882K, committed 15308K, reserved 1048576K
GC Heap History (20 events):
Event: 29.159 GC heap before
{Heap before GC invocations=40 (full 0):
 garbage-first heap   total 239616K, used 207709K [0x0000000080000000, 0x0000000100000000)
  region size 1024K, 111 young (113664K), 3 survivors (3072K)
 Metaspace       used 99882K, capacity 102154K, committed 102344K, reserved 1138688K
  class space    used 12502K, capacity 13342K, committed 13388K, reserved 1048576K
}
Event: 29.170 GC heap after
{Heap after GC invocations=41 (full 0):
 garbage-first heap   total 239616K, used 116967K [0x0000000080000000, 0x0000000100000000)
  region size 1024K, 14 young (14336K), 14 survivors (14336K)
 Metaspace       used 99882K, capacity 102154K, committed 102344K, reserved 1138688K
  class space    used 12502K, capacity 13342K, committed 13388K, reserved 1048576K
}
Event: 29.664 GC heap before
{Heap before GC invocations=41 (full 0):
 garbage-first heap   total 239616K, used 187623K [0x0000000080000000, 0x0000000100000000)
  region size 1024K, 84 young (86016K), 14 survivors (14336K)
 Metaspace       used 102937K, capacity 105450K, committed 105672K, reserved 1140736K
  class space    used 12960K, capacity 13886K, committed 13900K, reserved 1048576K
}
Event: 29.684 GC heap after
{Heap after GC invocations=42 (full 0):
 garbage-first heap   total 239616K, used 127353K [0x0000000080000000, 0x0000000100000000)
  region size 1024K, 11 young (11264K), 11 survivors (11264K)
 Metaspace       used 102937K, capacity 105450K, committed 105672K, reserved 1140736K
  class space    used 12960K, capacity 13886K, committed 13900K, reserved 1048576K
}
Event: 29.891 GC heap before
{Heap before GC invocations=42 (full 0):
 garbage-first heap   total 239616K, used 188793K [0x0000000080000000, 0x0000000100000000)
  region size 1024K, 71 young (72704K), 11 survivors (11264K)
 Metaspace       used 103929K, capacity 106559K, committed 106696K, reserved 1142784K
  class space    used 13121K, capacity 14088K, committed 14156K, reserved 1048576K
}
Event: 29.934 GC heap after
{Heap after GC invocations=43 (full 0):
 garbage-first heap   total 239616K, used 142336K [0x0000000080000000, 0x0000000100000000)
  region size 1024K, 9 young (9216K), 9 survivors (9216K)
 Metaspace       used 103929K, capacity 106559K, committed 106696K, reserved 1142784K
  class space    used 13121K, capacity 14088K, committed 14156K, reserved 1048576K
}
Event: 30.070 GC heap before
{Heap before GC invocations=43 (full 0):
 garbage-first heap   total 239616K, used 191488K [0x0000000080000000, 0x0000000100000000)
  region size 1024K, 57 young (58368K), 9 survivors (9216K)
 Metaspace       used 104550K, capacity 107145K, committed 107336K, reserved 1142784K
  class space    used 13182K, capacity 14152K, committed 14284K, reserved 1048576K
}
Event: 30.092 GC heap after
{Heap after GC invocations=44 (full 0):
 garbage-first heap   total 239616K, used 153600K [0x0000000080000000, 0x0000000100000000)
  region size 1024K, 8 young (8192K), 8 survivors (8192K)
 Metaspace       used 104550K, capacity 107145K, committed 107336K, reserved 1142784K
  class space    used 13182K, capacity 14152K, committed 14284K, reserved 1048576K
}
Event: 30.243 GC heap before
{Heap before GC invocations=45 (full 0):
 garbage-first heap   total 239616K, used 193536K [0x0000000080000000, 0x0000000100000000)
  region size 1024K, 48 young (49152K), 8 survivors (8192K)
 Metaspace       used 105700K, capacity 108465K, committed 108744K, reserved 1142784K
  class space    used 13440K, capacity 14546K, committed 14668K, reserved 1048576K
}
Event: 30.259 GC heap after
{Heap after GC invocations=46 (full 0):
 garbage-first heap   total 239616K, used 161356K [0x0000000080000000, 0x0000000100000000)
  region size 1024K, 6 young (6144K), 6 survivors (6144K)
 Metaspace       used 105700K, capacity 108465K, committed 108744K, reserved 1142784K
  class space    used 13440K, capacity 14546K, committed 14668K, reserved 1048576K
}
Event: 30.274 GC heap before
{Heap before GC invocations=46 (full 0):
 garbage-first heap   total 239616K, used 166476K [0x0000000080000000, 0x0000000100000000)
  region size 1024K, 11 young (11264K), 6 survivors (6144K)
 Metaspace       used 105843K, capacity 108653K, committed 108744K, reserved 1142784K
  class space    used 13468K, capacity 14608K, committed 14668K, reserved 1048576K
}
Event: 30.285 GC heap after
{Heap after GC invocations=47 (full 0):
 garbage-first heap   total 288768K, used 154329K [0x0000000080000000, 0x0000000100000000)
  region size 1024K, 2 young (2048K), 2 survivors (2048K)
 Metaspace       used 105843K, capacity 108653K, committed 108744K, reserved 1142784K
  class space    used 13468K, capacity 14608K, committed 14668K, reserved 1048576K
}
Event: 30.378 GC heap before
{Heap before GC invocations=47 (full 0):
 garbage-first heap   total 288768K, used 211673K [0x0000000080000000, 0x0000000100000000)
  region size 1024K, 59 young (60416K), 2 survivors (2048K)
 Metaspace       used 106187K, capacity 109034K, committed 109384K, reserved 1144832K
  class space    used 13532K, capacity 14667K, committed 14796K, reserved 1048576K
}
Event: 30.392 GC heap after
{Heap after GC invocations=48 (full 0):
 garbage-first heap   total 288768K, used 164864K [0x0000000080000000, 0x0000000100000000)
  region size 1024K, 8 young (8192K), 8 survivors (8192K)
 Metaspace       used 106187K, capacity 109034K, committed 109384K, reserved 1144832K
  class space    used 13532K, capacity 14667K, committed 14796K, reserved 1048576K
}
Event: 30.538 GC heap before
{Heap before GC invocations=48 (full 0):
 garbage-first heap   total 288768K, used 221184K [0x0000000080000000, 0x0000000100000000)
  region size 1024K, 63 young (64512K), 8 survivors (8192K)
 Metaspace       used 106589K, capacity 109477K, committed 109640K, reserved 1144832K
  class space    used 13617K, capacity 14772K, committed 14796K, reserved 1048576K
}
Event: 30.554 GC heap after
{Heap after GC invocations=49 (full 0):
 garbage-first heap   total 288768K, used 174687K [0x0000000080000000, 0x0000000100000000)
  region size 1024K, 8 young (8192K), 8 survivors (8192K)
 Metaspace       used 106589K, capacity 109477K, committed 109640K, reserved 1144832K
  class space    used 13617K, capacity 14772K, committed 14796K, reserved 1048576K
}
Event: 30.811 GC heap before
{Heap before GC invocations=50 (full 0):
 garbage-first heap   total 288768K, used 226911K [0x0000000080000000, 0x0000000100000000)
  region size 1024K, 60 young (61440K), 8 survivors (8192K)
 Metaspace       used 108172K, capacity 110826K, committed 111944K, reserved 1146880K
  class space    used 13780K, capacity 14804K, committed 15308K, reserved 1048576K
}
Event: 30.828 GC heap after
{Heap after GC invocations=51 (full 0):
 garbage-first heap   total 288768K, used 183906K [0x0000000080000000, 0x0000000100000000)
  region size 1024K, 8 young (8192K), 8 survivors (8192K)
 Metaspace       used 108172K, capacity 110826K, committed 111944K, reserved 1146880K
  class space    used 13780K, capacity 14804K, committed 15308K, reserved 1048576K
}
Event: 30.856 GC heap before
{Heap before GC invocations=51 (full 0):
 garbage-first heap   total 288768K, used 189026K [0x0000000080000000, 0x0000000100000000)
  region size 1024K, 14 young (14336K), 8 survivors (8192K)
 Metaspace       used 108379K, capacity 111064K, committed 112200K, reserved 1146880K
  class space    used 13812K, capacity 14840K, committed 15308K, reserved 1048576K
}
Event: 30.868 GC heap after
{Heap after GC invocations=52 (full 0):
 garbage-first heap   total 288768K, used 184717K [0x0000000080000000, 0x0000000100000000)
  region size 1024K, 2 young (2048K), 2 survivors (2048K)
 Metaspace       used 108379K, capacity 111064K, committed 112200K, reserved 1146880K
  class space    used 13812K, capacity 14840K, committed 15308K, reserved 1048576K
}

