# JRE version: OpenJDK Runtime Environment (11.0.11+9) (build 11.0.11+9-b60-7590822)
# Java VM: OpenJDK 64-Bit Server VM (11.0.11+9-b60-7590822, mixed mode, tiered, compressed oops, g1 gc, windows-amd64)
Heap:
 garbage-first heap   total 319488K, used 166614K [0x0000000080000000, 0x0000000100000000)
  region size 1024K, 6 young (6144K), 6 survivors (6144K)
 Metaspace       used 95336K, capacity 97828K, committed 98084K, reserved 1134592K
  class space    used 12457K, capacity 13405K, committed 13516K, reserved 1048576K
GC Heap History (20 events):
Event: 16.582 GC heap after
{Heap after GC invocations=22 (full 0):
 garbage-first heap   total 199680K, used 75171K [0x0000000080000000, 0x0000000100000000)
  region size 1024K, 7 young (7168K), 7 survivors (7168K)
 Metaspace       used 87708K, capacity 89906K, committed 90148K, reserved 1128448K
  class space    used 11374K, capacity 12180K, committed 12236K, reserved 1048576K
}
Event: 16.919 GC heap before
{Heap before GC invocations=22 (full 0):
 garbage-first heap   total 199680K, used 154019K [0x0000000080000000, 0x0000000100000000)
  region size 1024K, 77 young (78848K), 7 survivors (7168K)
 Metaspace       used 88584K, capacity 90852K, committed 91044K, reserved 1128448K
  class space    used 11481K, capacity 12314K, committed 12364K, reserved 1048576K
}
Event: 16.932 GC heap after
{Heap after GC invocations=23 (full 0):
 garbage-first heap   total 199680K, used 84565K [0x0000000080000000, 0x0000000100000000)
  region size 1024K, 10 young (10240K), 10 survivors (10240K)
 Metaspace       used 88584K, capacity 90852K, committed 91044K, reserved 1128448K
  class space    used 11481K, capacity 12314K, committed 12364K, reserved 1048576K
}
Event: 17.236 GC heap before
{Heap before GC invocations=23 (full 0):
 garbage-first heap   total 199680K, used 152149K [0x0000000080000000, 0x0000000100000000)
  region size 1024K, 77 young (78848K), 10 survivors (10240K)
 Metaspace       used 89462K, capacity 91722K, committed 91940K, reserved 1128448K
  class space    used 11594K, capacity 12432K, committed 12492K, reserved 1048576K
}
Event: 17.249 GC heap after
{Heap after GC invocations=24 (full 0):
 garbage-first heap   total 199680K, used 102898K [0x0000000080000000, 0x0000000100000000)
  region size 1024K, 10 young (10240K), 10 survivors (10240K)
 Metaspace       used 89462K, capacity 91722K, committed 91940K, reserved 1128448K
  class space    used 11594K, capacity 12432K, committed 12492K, reserved 1048576K
}
Event: 17.686 GC heap before
{Heap before GC invocations=24 (full 0):
 garbage-first heap   total 199680K, used 154098K [0x0000000080000000, 0x0000000100000000)
  region size 1024K, 61 young (62464K), 10 survivors (10240K)
 Metaspace       used 92059K, capacity 94432K, committed 94628K, reserved 1130496K
  class space    used 11970K, capacity 12861K, committed 12876K, reserved 1048576K
}
Event: 17.707 GC heap after
{Heap after GC invocations=25 (full 0):
 garbage-first heap   total 199680K, used 107129K [0x0000000080000000, 0x0000000100000000)
  region size 1024K, 8 young (8192K), 8 survivors (8192K)
 Metaspace       used 92059K, capacity 94432K, committed 94628K, reserved 1130496K
  class space    used 11970K, capacity 12861K, committed 12876K, reserved 1048576K
}
Event: 17.937 GC heap before
{Heap before GC invocations=26 (full 0):
 garbage-first heap   total 199680K, used 154233K [0x0000000080000000, 0x0000000100000000)
  region size 1024K, 55 young (56320K), 8 survivors (8192K)
 Metaspace       used 92156K, capacity 94349K, committed 95012K, reserved 1132544K
  class space    used 11942K, capacity 12785K, committed 13004K, reserved 1048576K
}
Event: 17.964 GC heap after
{Heap after GC invocations=27 (full 0):
 garbage-first heap   total 199680K, used 119986K [0x0000000080000000, 0x0000000100000000)
  region size 1024K, 7 young (7168K), 7 survivors (7168K)
 Metaspace       used 92156K, capacity 94349K, committed 95012K, reserved 1132544K
  class space    used 11942K, capacity 12785K, committed 13004K, reserved 1048576K
}
Event: 18.086 GC heap before
{Heap before GC invocations=27 (full 0):
 garbage-first heap   total 199680K, used 156850K [0x0000000080000000, 0x0000000100000000)
  region size 1024K, 43 young (44032K), 7 survivors (7168K)
 Metaspace       used 93118K, capacity 95426K, committed 95652K, reserved 1132544K
  class space    used 12108K, capacity 12997K, committed 13132K, reserved 1048576K
}
Event: 18.104 GC heap after
{Heap after GC invocations=28 (full 0):
 garbage-first heap   total 199680K, used 128986K [0x0000000080000000, 0x0000000100000000)
  region size 1024K, 6 young (6144K), 6 survivors (6144K)
 Metaspace       used 93118K, capacity 95426K, committed 95652K, reserved 1132544K
  class space    used 12108K, capacity 12997K, committed 13132K, reserved 1048576K
}
Event: 18.174 GC heap before
{Heap before GC invocations=28 (full 0):
 garbage-first heap   total 199680K, used 159706K [0x0000000080000000, 0x0000000100000000)
  region size 1024K, 37 young (37888K), 6 survivors (6144K)
 Metaspace       used 93281K, capacity 95621K, committed 95908K, reserved 1132544K
  class space    used 12126K, capacity 12997K, committed 13132K, reserved 1048576K
}
Event: 18.188 GC heap after
{Heap after GC invocations=29 (full 0):
 garbage-first heap   total 239616K, used 135874K [0x0000000080000000, 0x0000000100000000)
  region size 1024K, 5 young (5120K), 5 survivors (5120K)
 Metaspace       used 93281K, capacity 95621K, committed 95908K, reserved 1132544K
  class space    used 12126K, capacity 12997K, committed 13132K, reserved 1048576K
}
Event: 18.330 GC heap before
{Heap before GC invocations=29 (full 0):
 garbage-first heap   total 239616K, used 181954K [0x0000000080000000, 0x0000000100000000)
  region size 1024K, 50 young (51200K), 5 survivors (5120K)
 Metaspace       used 94025K, capacity 96266K, committed 96804K, reserved 1132544K
  class space    used 12184K, capacity 13026K, committed 13260K, reserved 1048576K
}
Event: 18.346 GC heap after
{Heap after GC invocations=30 (full 0):
 garbage-first heap   total 239616K, used 144766K [0x0000000080000000, 0x0000000100000000)
  region size 1024K, 7 young (7168K), 7 survivors (7168K)
 Metaspace       used 94025K, capacity 96266K, committed 96804K, reserved 1132544K
  class space    used 12184K, capacity 13026K, committed 13260K, reserved 1048576K
}
Event: 18.482 GC heap before
{Heap before GC invocations=31 (full 0):
 garbage-first heap   total 239616K, used 186750K [0x0000000080000000, 0x0000000100000000)
  region size 1024K, 49 young (50176K), 7 survivors (7168K)
 Metaspace       used 94787K, capacity 97244K, committed 97444K, reserved 1134592K
  class space    used 12339K, capacity 13296K, committed 13388K, reserved 1048576K
}
Event: 18.496 GC heap after
{Heap after GC invocations=32 (full 0):
 garbage-first heap   total 239616K, used 153234K [0x0000000080000000, 0x0000000100000000)
  region size 1024K, 7 young (7168K), 7 survivors (7168K)
 Metaspace       used 94787K, capacity 97244K, committed 97444K, reserved 1134592K
  class space    used 12339K, capacity 13296K, committed 13388K, reserved 1048576K
}
Event: 18.538 GC heap before
{Heap before GC invocations=32 (full 0):
 garbage-first heap   total 239616K, used 192146K [0x0000000080000000, 0x0000000100000000)
  region size 1024K, 45 young (46080K), 7 survivors (7168K)
 Metaspace       used 95111K, capacity 97592K, committed 97700K, reserved 1134592K
  class space    used 12410K, capacity 13369K, committed 13388K, reserved 1048576K
}
Event: 18.555 GC heap after
{Heap after GC invocations=33 (full 0):
 garbage-first heap   total 239616K, used 159932K [0x0000000080000000, 0x0000000100000000)
  region size 1024K, 6 young (6144K), 6 survivors (6144K)
 Metaspace       used 95111K, capacity 97592K, committed 97700K, reserved 1134592K
  class space    used 12410K, capacity 13369K, committed 13388K, reserved 1048576K
}
Event: 18.602 GC heap before
{Heap before GC invocations=33 (full 0):
 garbage-first heap   total 239616K, used 195772K [0x0000000080000000, 0x0000000100000000)
  region size 1024K, 41 young (41984K), 6 survivors (6144K)
 Metaspace       used 95336K, capacity 97828K, committed 98084K, reserved 1134592K
  class space    used 12457K, capacity 13405K, committed 13516K, reserved 1048576K
}

