# JRE version: OpenJDK Runtime Environment (11.0.11+9) (build 11.0.11+9-b60-7590822)
# Java VM: OpenJDK 64-Bit Server VM (11.0.11+9-b60-7590822, mixed mode, tiered, compressed oops, g1 gc, windows-amd64)
Heap:
 garbage-first heap   total 246784K, used 134408K [0x0000000080000000, 0x0000000100000000)
  region size 1024K, 5 young (5120K), 5 survivors (5120K)
 Metaspace       used 93174K, capacity 95556K, committed 95780K, reserved 1132544K
  class space    used 12064K, capacity 12962K, committed 13056K, reserved 1048576K
GC Heap History (20 events):
Event: 13.897 GC heap after
{Heap after GC invocations=20 (full 0):
 garbage-first heap   total 165888K, used 60124K [0x0000000080000000, 0x0000000100000000)
  region size 1024K, 6 young (6144K), 6 survivors (6144K)
 Metaspace       used 76854K, capacity 78580K, committed 78884K, reserved 1118208K
  class space    used 9997K, capacity 10652K, committed 10752K, reserved 1048576K
}
Event: 15.086 GC heap before
{Heap before GC invocations=20 (full 0):
 garbage-first heap   total 165888K, used 117468K [0x0000000080000000, 0x0000000100000000)
  region size 1024K, 63 young (64512K), 6 survivors (6144K)
 Metaspace       used 82282K, capacity 84227K, committed 84516K, reserved 1122304K
  class space    used 10667K, capacity 11437K, committed 11520K, reserved 1048576K
}
Event: 15.096 GC heap after
{Heap after GC invocations=21 (full 0):
 garbage-first heap   total 165888K, used 65633K [0x0000000080000000, 0x0000000100000000)
  region size 1024K, 8 young (8192K), 8 survivors (8192K)
 Metaspace       used 82282K, capacity 84227K, committed 84516K, reserved 1122304K
  class space    used 10667K, capacity 11437K, committed 11520K, reserved 1048576K
}
Event: 15.620 GC heap before
{Heap before GC invocations=21 (full 0):
 garbage-first heap   total 165888K, used 121953K [0x0000000080000000, 0x0000000100000000)
  region size 1024K, 64 young (65536K), 8 survivors (8192K)
 Metaspace       used 83465K, capacity 85637K, committed 85668K, reserved 1124352K
  class space    used 10839K, capacity 11641K, committed 11648K, reserved 1048576K
}
Event: 15.631 GC heap after
{Heap after GC invocations=22 (full 0):
 garbage-first heap   total 165888K, used 70301K [0x0000000080000000, 0x0000000100000000)
  region size 1024K, 5 young (5120K), 5 survivors (5120K)
 Metaspace       used 83465K, capacity 85637K, committed 85668K, reserved 1124352K
  class space    used 10839K, capacity 11641K, committed 11648K, reserved 1048576K
}
Event: 16.329 GC heap before
{Heap before GC invocations=22 (full 0):
 garbage-first heap   total 165888K, used 125597K [0x0000000080000000, 0x0000000100000000)
  region size 1024K, 60 young (61440K), 5 survivors (5120K)
 Metaspace       used 86873K, capacity 89077K, committed 89252K, reserved 1126400K
  class space    used 11300K, capacity 12143K, committed 12160K, reserved 1048576K
}
Event: 16.336 GC heap after
{Heap after GC invocations=23 (full 0):
 garbage-first heap   total 165888K, used 71372K [0x0000000080000000, 0x0000000100000000)
  region size 1024K, 6 young (6144K), 6 survivors (6144K)
 Metaspace       used 86873K, capacity 89077K, committed 89252K, reserved 1126400K
  class space    used 11300K, capacity 12143K, committed 12160K, reserved 1048576K
}
Event: 17.088 GC heap before
{Heap before GC invocations=23 (full 0):
 garbage-first heap   total 165888K, used 135884K [0x0000000080000000, 0x0000000100000000)
  region size 1024K, 62 young (63488K), 6 survivors (6144K)
 Metaspace       used 88311K, capacity 90567K, committed 90660K, reserved 1128448K
  class space    used 11422K, capacity 12276K, committed 12288K, reserved 1048576K
}
Event: 17.098 GC heap after
{Heap after GC invocations=24 (full 0):
 garbage-first heap   total 165888K, used 78186K [0x0000000080000000, 0x0000000100000000)
  region size 1024K, 7 young (7168K), 7 survivors (7168K)
 Metaspace       used 88311K, capacity 90567K, committed 90660K, reserved 1128448K
  class space    used 11422K, capacity 12276K, committed 12288K, reserved 1048576K
}
Event: 17.302 GC heap before
{Heap before GC invocations=24 (full 0):
 garbage-first heap   total 165888K, used 131434K [0x0000000080000000, 0x0000000100000000)
  region size 1024K, 60 young (61440K), 7 survivors (7168K)
 Metaspace       used 88944K, capacity 91248K, committed 91300K, reserved 1128448K
  class space    used 11525K, capacity 12397K, committed 12416K, reserved 1048576K
}
Event: 17.314 GC heap after
{Heap after GC invocations=25 (full 0):
 garbage-first heap   total 165888K, used 87144K [0x0000000080000000, 0x0000000100000000)
  region size 1024K, 8 young (8192K), 8 survivors (8192K)
 Metaspace       used 88944K, capacity 91248K, committed 91300K, reserved 1128448K
  class space    used 11525K, capacity 12397K, committed 12416K, reserved 1048576K
}
Event: 17.385 GC heap before
{Heap before GC invocations=25 (full 0):
 garbage-first heap   total 165888K, used 132200K [0x0000000080000000, 0x0000000100000000)
  region size 1024K, 54 young (55296K), 8 survivors (8192K)
 Metaspace       used 89422K, capacity 91755K, committed 91940K, reserved 1128448K
  class space    used 11569K, capacity 12437K, committed 12544K, reserved 1048576K
}
Event: 17.398 GC heap after
{Heap after GC invocations=26 (full 0):
 garbage-first heap   total 199680K, used 99107K [0x0000000080000000, 0x0000000100000000)
  region size 1024K, 7 young (7168K), 7 survivors (7168K)
 Metaspace       used 89422K, capacity 91755K, committed 91940K, reserved 1128448K
  class space    used 11569K, capacity 12437K, committed 12544K, reserved 1048576K
}
Event: 17.818 GC heap before
{Heap before GC invocations=27 (full 0):
 garbage-first heap   total 199680K, used 150307K [0x0000000080000000, 0x0000000100000000)
  region size 1024K, 58 young (59392K), 7 survivors (7168K)
 Metaspace       used 91642K, capacity 93953K, committed 94244K, reserved 1130496K
  class space    used 11857K, capacity 12713K, committed 12800K, reserved 1048576K
}
Event: 17.831 GC heap after
{Heap after GC invocations=28 (full 0):
 garbage-first heap   total 199680K, used 103930K [0x0000000080000000, 0x0000000100000000)
  region size 1024K, 8 young (8192K), 8 survivors (8192K)
 Metaspace       used 91642K, capacity 93953K, committed 94244K, reserved 1130496K
  class space    used 11857K, capacity 12713K, committed 12800K, reserved 1048576K
}
Event: 18.045 GC heap before
{Heap before GC invocations=28 (full 0):
 garbage-first heap   total 199680K, used 152058K [0x0000000080000000, 0x0000000100000000)
  region size 1024K, 57 young (58368K), 8 survivors (8192K)
 Metaspace       used 92295K, capacity 94649K, committed 94884K, reserved 1132544K
  class space    used 11946K, capacity 12834K, committed 12928K, reserved 1048576K
}
Event: 18.077 GC heap after
{Heap after GC invocations=29 (full 0):
 garbage-first heap   total 199680K, used 115428K [0x0000000080000000, 0x0000000100000000)
  region size 1024K, 7 young (7168K), 7 survivors (7168K)
 Metaspace       used 92295K, capacity 94649K, committed 94884K, reserved 1132544K
  class space    used 11946K, capacity 12834K, committed 12928K, reserved 1048576K
}
Event: 18.296 GC heap before
{Heap before GC invocations=29 (full 0):
 garbage-first heap   total 199680K, used 156388K [0x0000000080000000, 0x0000000100000000)
  region size 1024K, 48 young (49152K), 7 survivors (7168K)
 Metaspace       used 93119K, capacity 95488K, committed 95780K, reserved 1132544K
  class space    used 12064K, capacity 12962K, committed 13056K, reserved 1048576K
}
Event: 18.320 GC heap after
{Heap after GC invocations=30 (full 0):
 garbage-first heap   total 199680K, used 126451K [0x0000000080000000, 0x0000000100000000)
  region size 1024K, 6 young (6144K), 6 survivors (6144K)
 Metaspace       used 93119K, capacity 95488K, committed 95780K, reserved 1132544K
  class space    used 12064K, capacity 12962K, committed 13056K, reserved 1048576K
}
Event: 18.388 GC heap before
{Heap before GC invocations=31 (full 0):
 garbage-first heap   total 199680K, used 160243K [0x0000000080000000, 0x0000000100000000)
  region size 1024K, 39 young (39936K), 6 survivors (6144K)
 Metaspace       used 93174K, capacity 95556K, committed 95780K, reserved 1132544K
  class space    used 12064K, capacity 12962K, committed 13056K, reserved 1048576K
}

